2010-03-06 10:32:59: fail to execute sql!You have an error in your SQL syntax; check the manual that corresponds to your MySQL server version for the right syntax to use near 'limit 0,15' at line 1;query string = select SQL_CALC_FOUND_ROWS  t1.id,t1.pm,t1.sr,t1.bgl,t2.name from fb_mrbd t1 join fb_mr t2 on t1.mr_id=t2.id where t1.bd_id= limit 0,15
2010-03-06 11:27:15: fail to execute sql!You have an error in your SQL syntax; check the manual that corresponds to your MySQL server version for the right syntax to use near '' at line 1;query string = delete from fb_custom_list_table_1 where id=
2010-03-06 11:27:25: fail to execute sql!You have an error in your SQL syntax; check the manual that corresponds to your MySQL server version for the right syntax to use near '' at line 1;query string = delete from fb_custom_list_table_1 where id=
2010-03-06 11:28:24: fail to execute sql!You have an error in your SQL syntax; check the manual that corresponds to your MySQL server version for the right syntax to use near '' at line 1;query string = delete from fb_custom_list_table_1 where id=
2010-03-06 11:28:59: fail to execute sql!You have an error in your SQL syntax; check the manual that corresponds to your MySQL server version for the right syntax to use near '' at line 1;query string = delete from fb_custom_list_table_1 where id=
2010-03-06 11:29:37: fail to execute sql!You have an error in your SQL syntax; check the manual that corresponds to your MySQL server version for the right syntax to use near '' at line 1;query string = delete from fb_custom_list_table_1 where id=
2010-03-06 11:30:05: fail to execute sql!You have an error in your SQL syntax; check the manual that corresponds to your MySQL server version for the right syntax to use near '' at line 1;query string = delete from fb_custom_list_table_1 where id=
2010-03-06 11:55:11: fail to execute sql!You have an error in your SQL syntax; check the manual that corresponds to your MySQL server version for the right syntax to use near '' at line 1;query string = show full fields from 
2010-03-06 11:55:11: fail to execute sql!You have an error in your SQL syntax; check the manual that corresponds to your MySQL server version for the right syntax to use near 'where 1=1  and id=1 limit 1' at line 1;query string = select * from  where 1=1  and id=1 limit 1
2010-03-06 12:59:00: fail to execute sql!You have an error in your SQL syntax; check the manual that corresponds to your MySQL server version for the right syntax to use near 'Array' at line 1;query string = Array
2010-03-06 13:01:15: fail to execute sql!You have an error in your SQL syntax; check the manual that corresponds to your MySQL server version for the right syntax to use near 'Array' at line 1;query string = Array
2010-03-06 13:02:14: fail to execute sql!You have an error in your SQL syntax; check the manual that corresponds to your MySQL server version for the right syntax to use near 'Array' at line 1;query string = Array
2010-03-06 13:04:15: fail to execute sql!You have an error in your SQL syntax; check the manual that corresponds to your MySQL server version for the right syntax to use near 'Array' at line 1;query string = Array
2010-03-06 13:05:48: fail to execute sql!You have an error in your SQL syntax; check the manual that corresponds to your MySQL server version for the right syntax to use near 'Array' at line 1;query string = Array
2010-03-06 13:05:54: fail to execute sql!You have an error in your SQL syntax; check the manual that corresponds to your MySQL server version for the right syntax to use near 'Array' at line 1;query string = Array
2010-03-06 13:06:20: fail to execute sql!You have an error in your SQL syntax; check the manual that corresponds to your MySQL server version for the right syntax to use near 'Array' at line 1;query string = Array
2010-03-06 13:06:50: fail to execute sql!You have an error in your SQL syntax; check the manual that corresponds to your MySQL server version for the right syntax to use near 'Array' at line 1;query string = Array
2010-03-06 13:07:12: fail to execute sql!You have an error in your SQL syntax; check the manual that corresponds to your MySQL server version for the right syntax to use near 'Array' at line 1;query string = Array
2010-03-06 13:07:34: fail to execute sql!You have an error in your SQL syntax; check the manual that corresponds to your MySQL server version for the right syntax to use near 'Array' at line 1;query string = Array
2010-03-06 14:02:38: fail to execute sql!Unknown column '所有列' in 'where clause';query string = select SQL_CALC_FOUND_ROWS  * from fb_custom_list_table_1 where 1=1  and 所有列 like '%1%' limit 0,10
2010-03-06 14:03:02: fail to execute sql!Unknown column '所有列' in 'where clause';query string = select SQL_CALC_FOUND_ROWS  * from fb_custom_list_table_1 where 1=1  and 所有列 like '%1%' limit 0,10
2010-03-06 14:03:04: fail to execute sql!Unknown column '所有列' in 'where clause';query string = select SQL_CALC_FOUND_ROWS  * from fb_custom_list_table_1 where 1=1  and 所有列 like '%1%' limit 0,10
2010-03-06 14:30:55: fail to execute sql!Column 'is_root' cannot be null;query string = insert into fb_admin_menu(name,href,parent_id,description,priority,target,is_root,role_level) values ('自定义榜单管理','/admin/list/','13',(NULL),(NULL),'admin_iframe',(NULL),(NULL))
2010-03-06 14:31:32: fail to execute sql!Column 'is_root' cannot be null;query string = insert into fb_admin_menu(name,href,parent_id,description,priority,target,is_root,role_level) values ('自定义榜单管理','/admin/list/','13',(NULL),(NULL),'admin_iframe',(NULL),(NULL))
2010-03-06 14:33:13: fail to execute sql!Column 'is_root' cannot be null;query string = insert into fb_admin_menu(name,href,parent_id,description,priority,target,is_root,role_level) values ('自定义榜单管理','/admin/list/','13',(NULL),(NULL),'admin_iframe',(NULL),(NULL))
2010-03-06 15:41:25: fail to execute sql!Column 'is_root' cannot be null;query string = insert into fb_admin_menu(name,href,parent_id,description,priority,target,is_root,role_level) values ('自定义榜单管理','/admin/list/','13',(NULL),(NULL),'admin_iframe',(NULL),(NULL))
2010-03-06 15:43:25: fail to execute sql!Column 'is_root' cannot be null;query string = insert into fb_admin_menu(name,href,parent_id,description,priority,target,is_root,role_level) values ('自定义榜单管理','/admin/list/','13',(NULL),(NULL),'admin_iframe',(NULL),(NULL))
2010-03-06 15:44:02: fail to execute sql!Column 'is_root' cannot be null;query string = insert into fb_admin_menu(name,href,parent_id,description,priority,target,is_root,role_level) values ('自定义榜单管理','/admin/list/','13',(NULL),(NULL),'admin_iframe',(NULL),(NULL))
2010-03-06 15:45:51: fail to execute sql!Column 'is_root' cannot be null;query string = insert into fb_admin_menu(name,href,parent_id,description,priority,target,is_root,role_level) values ('自定义榜单管理','/admin/list/','13',(NULL),(NULL),'admin_iframe',(NULL),(NULL))
2010-03-06 15:46:16: fail to execute sql!Column 'is_root' cannot be null;query string = insert into fb_admin_menu(name,href,parent_id,description,priority,target,is_root,role_level) values ('自定义榜单管理','/admin/list/','13',(NULL),(NULL),'admin_iframe',(NULL),(NULL))
2010-03-06 15:46:53: fail to execute sql!Column 'is_root' cannot be null;query string = insert into fb_admin_menu(name,href,parent_id,description,priority,target,is_root,role_level) values ('自定义榜单管理','/admin/list/','13',(NULL),(NULL),'admin_iframe',(NULL),(NULL))
2010-03-06 15:48:29: fail to execute sql!Column 'is_root' cannot be null;query string = insert into fb_admin_menu(name,href,parent_id,description,priority,target,is_root,role_level) values ('自定义榜单管理','/admin/rich_list/','13',(NULL),(NULL),'admin_iframe',(NULL),(NULL))
